/home/faepimnipa/miniconda3/envs/genomics_env/bin/quast.py /home/faepimnipa/748/report/result/GN6_long/assembly.fasta /home/faepimnipa/748/report/result/GN6_spades/scaffolds.fasta -r /home/faepimnipa/748/report/ref/EcoliK12_GCA_000005845.2_ASM584v2_genomic.fna -o /home/faepimnipa/748/report/result/quast_comparison

Version: 5.3.0

System information:
  OS: Linux-6.6.87.2-microsoft-standard-WSL2-x86_64-with-glibc2.39 (linux_64)
  Python version: 3.12.13
  CPUs number: 8

Started: 2026-04-20 02:12:14

Logging to /home/faepimnipa/748/report/result/quast_comparison/quast.log
NOTICE: Maximum number of threads is set to 2 (use --threads option to set it manually)

CWD: /home/faepimnipa/748/report/result
Main parameters: 
  MODE: default, threads: 2, min contig length: 500, min alignment length: 65, min alignment IDY: 95.0, \
  ambiguity: one, min local misassembly length: 200, min extensive misassembly length: 1000

Reference:
  /home/faepimnipa/748/report/ref/EcoliK12_GCA_000005845.2_ASM584v2_genomic.fna ==> EcoliK12_GCA_000005845.2_ASM584v2_genomic

Contigs:
  Pre-processing...
  1  /home/faepimnipa/748/report/result/GN6_long/assembly.fasta ==> assembly
  2  /home/faepimnipa/748/report/result/GN6_spades/scaffolds.fasta ==> scaffolds

2026-04-20 02:12:16
Running Basic statistics processor...
  Reference genome:
    EcoliK12_GCA_000005845.2_ASM584v2_genomic.fna, length = 4641652, num fragments = 1, GC % = 50.79
  Contig files: 
    1  assembly
    2  scaffolds
  Calculating N50 and L50...
    1  assembly, N50 = 5248224, L50 = 1, auN = 5028387.6, Total length = 5481946, GC % = 50.66, # N's per 100 kbp =  0.00
    2  scaffolds, N50 = 5250291, L50 = 1, auN = 5063856.1, Total length = 5445768, GC % = 50.64, # N's per 100 kbp =  1.84
  Drawing Nx plot...
    saved to /home/faepimnipa/748/report/result/quast_comparison/basic_stats/Nx_plot.pdf
  Drawing NGx plot...
    saved to /home/faepimnipa/748/report/result/quast_comparison/basic_stats/NGx_plot.pdf
  Drawing cumulative plot...
    saved to /home/faepimnipa/748/report/result/quast_comparison/basic_stats/cumulative_plot.pdf
  Drawing GC content plot...
    saved to /home/faepimnipa/748/report/result/quast_comparison/basic_stats/GC_content_plot.pdf
  Drawing assembly GC content plot...
    saved to /home/faepimnipa/748/report/result/quast_comparison/basic_stats/assembly_GC_content_plot.pdf
  Drawing scaffolds GC content plot...
    saved to /home/faepimnipa/748/report/result/quast_comparison/basic_stats/scaffolds_GC_content_plot.pdf
  Drawing Coverage histogram (bin size: 1x)...
    saved to /home/faepimnipa/748/report/result/quast_comparison/basic_stats/coverage_histogram.pdf
  Drawing scaffolds coverage histogram (bin size: 1x)...
    saved to /home/faepimnipa/748/report/result/quast_comparison/basic_stats/scaffolds_coverage_histogram.pdf
Done.

2026-04-20 02:12:19
Running Contig analyzer...
WARNING: Version of installed minimap2 differs from its version in the QUAST package (2.28). Please make sure that you use an actual version of software.
  1  assembly
  2  scaffolds
  1  Logging to files /home/faepimnipa/748/report/result/quast_comparison/contigs_reports/contigs_report_assembly.stdout and contigs_report_assembly.stderr...
  1  Aligning contigs to the reference
  2  Logging to files /home/faepimnipa/748/report/result/quast_comparison/contigs_reports/contigs_report_scaffolds.stdout and contigs_report_scaffolds.stderr...
  2  Aligning contigs to the reference
WARNING: Version of installed minimap2 differs from its version in the QUAST package (2.28). Please make sure that you use an actual version of software.
  1  /home/faepimnipa/miniconda3/envs/genomics_env/bin/minimap2 -c -x asm10 -B5 -O4,16 \
     --no-long-join -r 200 -N 50 -s 65 -z 200 --mask-level 0.9 --min-occ 200 -g 2500 \
     --score-N 2 --cs -t 1 quast_comparison/quast_corrected_input/EcoliK12_GCA_000005845.2_ASM584v2_genomic.fna \
     quast_comparison/quast_corrected_input/assembly.fasta > quast_comparison/contigs_reports/minimap_output/assembly.coords_tmp \
     2>> quast_comparison/contigs_reports/contigs_report_assembly.stderr
WARNING: Version of installed minimap2 differs from its version in the QUAST package (2.28). Please make sure that you use an actual version of software.
  2  /home/faepimnipa/miniconda3/envs/genomics_env/bin/minimap2 -c -x asm10 -B5 -O4,16 \
     --no-long-join -r 200 -N 50 -s 65 -z 200 --mask-level 0.9 --min-occ 200 -g 2500 \
     --score-N 2 --cs -t 1 quast_comparison/quast_corrected_input/EcoliK12_GCA_000005845.2_ASM584v2_genomic.fna \
     quast_comparison/quast_corrected_input/scaffolds.fasta > quast_comparison/contigs_reports/minimap_output/scaffolds.coords_tmp \
     2>> quast_comparison/contigs_reports/contigs_report_scaffolds.stderr
  2  Analysis is finished.

  1  Analysis is finished.

  Creating total report...
    saved to /home/faepimnipa/748/report/result/quast_comparison/contigs_reports/misassemblies_report.txt, misassemblies_report.tsv, and misassemblies_report.tex
  Transposed version of total report...
    saved to /home/faepimnipa/748/report/result/quast_comparison/contigs_reports/transposed_report_misassemblies.txt, transposed_report_misassemblies.tsv, and transposed_report_misassemblies.tex
  Creating total report...
    saved to /home/faepimnipa/748/report/result/quast_comparison/contigs_reports/unaligned_report.txt, unaligned_report.tsv, and unaligned_report.tex
  Drawing misassemblies by types plot...
    saved to /home/faepimnipa/748/report/result/quast_comparison/contigs_reports/misassemblies_plot.pdf
  Drawing misassemblies FRCurve plot...
    saved to /home/faepimnipa/748/report/result/quast_comparison/contigs_reports/misassemblies_frcurve_plot.pdf
Done.

2026-04-20 02:12:22
Running NA-NGA calculation...
  1  assembly, Largest alignment = 156391, NA50 = 35302, NGA50 = 45412, LA50 = 41, LGA50 = 30
  2  scaffolds, Largest alignment = 202665, NA50 = 37213, NGA50 = 45412, LA50 = 39, LGA50 = 29
  Drawing cumulative plot...
    saved to /home/faepimnipa/748/report/result/quast_comparison/aligned_stats/cumulative_plot.pdf
  Drawing NAx plot...
    saved to /home/faepimnipa/748/report/result/quast_comparison/aligned_stats/NAx_plot.pdf
  Drawing NGAx plot...
    saved to /home/faepimnipa/748/report/result/quast_comparison/aligned_stats/NGAx_plot.pdf
Done.

2026-04-20 02:12:22
Running Genome analyzer...
  NOTICE: No file with genomic features were provided. Use the --features option if you want to specify it.

  NOTICE: No file with operons were provided. Use the -O option if you want to specify it.
  1  assembly
  2  scaffolds
  1  Analysis is finished.
  2  Analysis is finished.
  Drawing Genome fraction, % histogram...
    saved to /home/faepimnipa/748/report/result/quast_comparison/genome_stats/genome_fraction_histogram.pdf
Done.

NOTICE: Genes are not predicted by default. Use --gene-finding or --glimmer option to enable it.

2026-04-20 02:12:24
Creating large visual summaries...
This may take a while: press Ctrl-C to skip this step..
  1 of 2: Creating PDF with all tables and plots...
  2 of 2: Creating Icarus viewers...
Done

2026-04-20 02:12:25
RESULTS:
  Text versions of total report are saved to /home/faepimnipa/748/report/result/quast_comparison/report.txt, report.tsv, and report.tex
  Text versions of transposed total report are saved to /home/faepimnipa/748/report/result/quast_comparison/transposed_report.txt, transposed_report.tsv, and transposed_report.tex
  HTML version (interactive tables and plots) is saved to /home/faepimnipa/748/report/result/quast_comparison/report.html
  PDF version (tables and plots) is saved to /home/faepimnipa/748/report/result/quast_comparison/report.pdf
  Icarus (contig browser) is saved to /home/faepimnipa/748/report/result/quast_comparison/icarus.html
  Log is saved to /home/faepimnipa/748/report/result/quast_comparison/quast.log

Finished: 2026-04-20 02:12:25
Elapsed time: 0:00:11.597267
NOTICEs: 4; WARNINGs: 2; non-fatal ERRORs: 0

Thank you for using QUAST!
