[2026-04-14 14:20:51] root: INFO: Starting Flye 2.9.6-b1802
[2026-04-14 14:20:51] root: DEBUG: Cmd: /home/faepimnipa/miniconda3/envs/genomics_env/bin/flye --pacbio-hifi GN6_hifix30.fastq --out-dir flye_gn6_output --threads 8
[2026-04-14 14:20:51] root: DEBUG: Python version: 3.12.13 | packaged by conda-forge | (main, Mar  5 2026, 16:50:00) [GCC 14.3.0]
[2026-04-14 14:20:51] root: ERROR: Can't open /home/faepimnipa/748/report/result/GN6_hifix30.fastq
[2026-04-14 14:20:51] root: ERROR: Pipeline aborted
[2026-04-14 16:31:06] root: INFO: Starting Flye 2.9.6-b1802
[2026-04-14 16:31:06] root: DEBUG: Cmd: /home/faepimnipa/miniconda3/envs/genomics_env/bin/flye --nano-raw /home/faepimnipa/748/report/dataset/GN6_hifix30.fastq --genome-size 1m --out-dir /home/faepimnipa/748/report/result/flye_gn6_output/
[2026-04-14 16:31:06] root: DEBUG: Python version: 3.12.13 | packaged by conda-forge | (main, Mar  5 2026, 16:50:00) [GCC 14.3.0]
[2026-04-14 16:31:06] root: INFO: >>>STAGE: configure
[2026-04-14 16:31:06] root: INFO: Configuring run
[2026-04-14 16:31:11] root: INFO: Total read length: 150013794
[2026-04-14 16:31:11] root: INFO: Input genome size: 1000000
[2026-04-14 16:31:11] root: INFO: Estimated coverage: 150
[2026-04-14 16:31:11] root: INFO: Reads N50/N90: 17053 / 15810
[2026-04-14 16:31:11] root: INFO: Minimum overlap set to 10000
[2026-04-14 16:31:11] root: INFO: >>>STAGE: assembly
[2026-04-14 16:31:11] root: INFO: Assembling disjointigs
[2026-04-14 16:31:11] root: DEBUG: -----Begin assembly log------
[2026-04-14 16:31:11] root: DEBUG: Running: flye-modules assemble --reads /home/faepimnipa/748/report/dataset/GN6_hifix30.fastq --out-asm /home/faepimnipa/748/report/result/flye_gn6_output/00-assembly/draft_assembly.fasta --config /home/faepimnipa/miniconda3/envs/genomics_env/lib/python3.12/site-packages/flye/config/bin_cfg/asm_raw_reads.cfg --log /home/faepimnipa/748/report/result/flye_gn6_output/flye.log --threads 1 --genome-size 1000000 --min-ovlp 10000
[2026-04-14 16:31:11] DEBUG: Build date: Apr 13 2026 04:16:03
[2026-04-14 16:31:11] DEBUG: Total RAM: 7 Gb
[2026-04-14 16:31:11] DEBUG: Available RAM: 7 Gb
[2026-04-14 16:31:11] DEBUG: Total CPUs: 8
[2026-04-14 16:31:11] DEBUG: Loading /home/faepimnipa/miniconda3/envs/genomics_env/lib/python3.12/site-packages/flye/config/bin_cfg/asm_raw_reads.cfg
[2026-04-14 16:31:11] DEBUG: Loading /home/faepimnipa/miniconda3/envs/genomics_env/lib/python3.12/site-packages/flye/config/bin_cfg/asm_defaults.cfg
[2026-04-14 16:31:11] DEBUG: 	big_genome_threshold=29000000
[2026-04-14 16:31:11] DEBUG: 	meta_read_filter_kmer_freq=100
[2026-04-14 16:31:11] DEBUG: 	chain_large_gap_penalty=2
[2026-04-14 16:31:11] DEBUG: 	chain_small_gap_penalty=0.5
[2026-04-14 16:31:11] DEBUG: 	chain_gap_jump_threshold=100
[2026-04-14 16:31:11] DEBUG: 	max_jump_gap=500
[2026-04-14 16:31:11] DEBUG: 	max_coverage_drop_rate=5
[2026-04-14 16:31:11] DEBUG: 	max_extensions_drop_rate=5
[2026-04-14 16:31:11] DEBUG: 	chimera_window=100
[2026-04-14 16:31:11] DEBUG: 	chimera_overhang=1000
[2026-04-14 16:31:11] DEBUG: 	min_reads_in_disjointig=4
[2026-04-14 16:31:11] DEBUG: 	max_inner_reads=10
[2026-04-14 16:31:11] DEBUG: 	max_inner_fraction=0.25
[2026-04-14 16:31:11] DEBUG: 	aggressive_dup_filter=1
[2026-04-14 16:31:11] DEBUG: 	max_separation=500
[2026-04-14 16:31:11] DEBUG: 	unique_edge_length=50000
[2026-04-14 16:31:11] DEBUG: 	min_repeat_res_support=0.51
[2026-04-14 16:31:11] DEBUG: 	out_paths_ratio=5
[2026-04-14 16:31:11] DEBUG: 	graph_cov_drop_rate=5
[2026-04-14 16:31:11] DEBUG: 	coverage_estimate_window=100
[2026-04-14 16:31:11] DEBUG: 	max_bubble_length=50000
[2026-04-14 16:31:11] DEBUG: 	loop_coverage_rate=1.5
[2026-04-14 16:31:11] DEBUG: 	repeat_edge_cov_mult=1.75
[2026-04-14 16:31:11] DEBUG: 	weak_detach_rate=5
[2026-04-14 16:31:11] DEBUG: 	tip_coverage_rate=2
[2026-04-14 16:31:11] DEBUG: 	tip_length_rate=2
[2026-04-14 16:31:11] DEBUG: 	output_gfa_before_rr=1
[2026-04-14 16:31:11] DEBUG: 	remove_alt_edges=0
[2026-04-14 16:31:11] DEBUG: 	low_cutoff_warning=1
[2026-04-14 16:31:11] DEBUG: 	kmer_size=17
[2026-04-14 16:31:11] DEBUG: 	use_minimizers=0
[2026-04-14 16:31:11] DEBUG: 	reads_base_alignment=0
[2026-04-14 16:31:11] DEBUG: 	meta_read_top_kmer_rate=0.40
[2026-04-14 16:31:11] DEBUG: 	maximum_jump=1500
[2026-04-14 16:31:11] DEBUG: 	maximum_overhang=1500
[2026-04-14 16:31:11] DEBUG: 	repeat_kmer_rate=100
[2026-04-14 16:31:11] DEBUG: 	assemble_ovlp_divergence=0.10
[2026-04-14 16:31:11] DEBUG: 	assemble_divergence_relative=1
[2026-04-14 16:31:11] DEBUG: 	repeat_graph_ovlp_divergence=0.08
[2026-04-14 16:31:11] DEBUG: 	read_align_ovlp_divergence=0.25
[2026-04-14 16:31:11] DEBUG: 	hpc_scoring_on=0
[2026-04-14 16:31:11] DEBUG: 	add_unassembled_reads=0
[2026-04-14 16:31:11] DEBUG: 	extend_contigs_with_repeats=0
[2026-04-14 16:31:11] DEBUG: 	min_read_cov_cutoff=3
[2026-04-14 16:31:11] DEBUG: 	short_tip_length=20000
[2026-04-14 16:31:11] DEBUG: 	long_tip_length=100000
[2026-04-14 16:31:11] DEBUG: Running with k-mer size: 17
[2026-04-14 16:31:11] DEBUG: Running with minimum overlap 10000
[2026-04-14 16:31:11] DEBUG: Metagenome mode: N
[2026-04-14 16:31:11] DEBUG: Short mode: N
[2026-04-14 16:31:11] INFO: Reading sequences
[2026-04-14 16:31:12] DEBUG: Building positional index
[2026-04-14 16:31:12] DEBUG: Total sequence: 150013794 bp
[2026-04-14 16:32:02] INFO: Counting k-mers:
[2026-04-14 16:39:33] root: INFO: Starting Flye 2.9.6-b1802
[2026-04-14 16:39:33] root: DEBUG: Cmd: /home/faepimnipa/miniconda3/envs/genomics_env/bin/flye --nano-raw /home/faepimnipa/748/report/dataset/GN6_hifix30.fastq --genome-size 1m --out /home/faepimnipa/748/report/result/flye_gn6_output/
[2026-04-14 16:39:33] root: DEBUG: Python version: 3.12.13 | packaged by conda-forge | (main, Mar  5 2026, 16:50:00) [GCC 14.3.0]
[2026-04-14 16:39:33] root: INFO: >>>STAGE: configure
[2026-04-14 16:39:33] root: INFO: Configuring run
[2026-04-14 16:39:36] root: INFO: Total read length: 150013794
[2026-04-14 16:39:36] root: INFO: Input genome size: 1000000
[2026-04-14 16:39:36] root: INFO: Estimated coverage: 150
[2026-04-14 16:39:36] root: INFO: Reads N50/N90: 17053 / 15810
[2026-04-14 16:39:36] root: INFO: Minimum overlap set to 10000
[2026-04-14 16:39:36] root: INFO: >>>STAGE: assembly
[2026-04-14 16:39:36] root: INFO: Assembling disjointigs
[2026-04-14 16:39:36] root: DEBUG: -----Begin assembly log------
[2026-04-14 16:39:36] root: DEBUG: Running: flye-modules assemble --reads /home/faepimnipa/748/report/dataset/GN6_hifix30.fastq --out-asm /home/faepimnipa/748/report/result/flye_gn6_output/00-assembly/draft_assembly.fasta --config /home/faepimnipa/miniconda3/envs/genomics_env/lib/python3.12/site-packages/flye/config/bin_cfg/asm_raw_reads.cfg --log /home/faepimnipa/748/report/result/flye_gn6_output/flye.log --threads 1 --genome-size 1000000 --min-ovlp 10000
[2026-04-14 16:39:36] DEBUG: Build date: Apr 13 2026 04:16:03
[2026-04-14 16:39:36] DEBUG: Total RAM: 7 Gb
[2026-04-14 16:39:36] DEBUG: Available RAM: 0 Gb
[2026-04-14 16:39:36] DEBUG: Total CPUs: 8
[2026-04-14 16:39:36] DEBUG: Loading /home/faepimnipa/miniconda3/envs/genomics_env/lib/python3.12/site-packages/flye/config/bin_cfg/asm_raw_reads.cfg
[2026-04-14 16:39:36] DEBUG: Loading /home/faepimnipa/miniconda3/envs/genomics_env/lib/python3.12/site-packages/flye/config/bin_cfg/asm_defaults.cfg
[2026-04-14 16:39:36] DEBUG: 	big_genome_threshold=29000000
[2026-04-14 16:39:36] DEBUG: 	meta_read_filter_kmer_freq=100
[2026-04-14 16:39:36] DEBUG: 	chain_large_gap_penalty=2
[2026-04-14 16:39:36] DEBUG: 	chain_small_gap_penalty=0.5
[2026-04-14 16:39:36] DEBUG: 	chain_gap_jump_threshold=100
[2026-04-14 16:39:36] DEBUG: 	max_jump_gap=500
[2026-04-14 16:39:36] DEBUG: 	max_coverage_drop_rate=5
[2026-04-14 16:39:36] DEBUG: 	max_extensions_drop_rate=5
[2026-04-14 16:39:36] DEBUG: 	chimera_window=100
[2026-04-14 16:39:36] DEBUG: 	chimera_overhang=1000
[2026-04-14 16:39:36] DEBUG: 	min_reads_in_disjointig=4
[2026-04-14 16:39:36] DEBUG: 	max_inner_reads=10
[2026-04-14 16:39:36] DEBUG: 	max_inner_fraction=0.25
[2026-04-14 16:39:36] DEBUG: 	aggressive_dup_filter=1
[2026-04-14 16:39:36] DEBUG: 	max_separation=500
[2026-04-14 16:39:36] DEBUG: 	unique_edge_length=50000
[2026-04-14 16:39:36] DEBUG: 	min_repeat_res_support=0.51
[2026-04-14 16:39:36] DEBUG: 	out_paths_ratio=5
[2026-04-14 16:39:36] DEBUG: 	graph_cov_drop_rate=5
[2026-04-14 16:39:36] DEBUG: 	coverage_estimate_window=100
[2026-04-14 16:39:36] DEBUG: 	max_bubble_length=50000
[2026-04-14 16:39:36] DEBUG: 	loop_coverage_rate=1.5
[2026-04-14 16:39:36] DEBUG: 	repeat_edge_cov_mult=1.75
[2026-04-14 16:39:36] DEBUG: 	weak_detach_rate=5
[2026-04-14 16:39:36] DEBUG: 	tip_coverage_rate=2
[2026-04-14 16:39:36] DEBUG: 	tip_length_rate=2
[2026-04-14 16:39:36] DEBUG: 	output_gfa_before_rr=1
[2026-04-14 16:39:36] DEBUG: 	remove_alt_edges=0
[2026-04-14 16:39:36] DEBUG: 	low_cutoff_warning=1
[2026-04-14 16:39:36] DEBUG: 	kmer_size=17
[2026-04-14 16:39:36] DEBUG: 	use_minimizers=0
[2026-04-14 16:39:36] DEBUG: 	reads_base_alignment=0
[2026-04-14 16:39:36] DEBUG: 	meta_read_top_kmer_rate=0.40
[2026-04-14 16:39:36] DEBUG: 	maximum_jump=1500
[2026-04-14 16:39:36] DEBUG: 	maximum_overhang=1500
[2026-04-14 16:39:36] DEBUG: 	repeat_kmer_rate=100
[2026-04-14 16:39:36] DEBUG: 	assemble_ovlp_divergence=0.10
[2026-04-14 16:39:36] DEBUG: 	assemble_divergence_relative=1
[2026-04-14 16:39:36] DEBUG: 	repeat_graph_ovlp_divergence=0.08
[2026-04-14 16:39:36] DEBUG: 	read_align_ovlp_divergence=0.25
[2026-04-14 16:39:36] DEBUG: 	hpc_scoring_on=0
[2026-04-14 16:39:36] DEBUG: 	add_unassembled_reads=0
[2026-04-14 16:39:36] DEBUG: 	extend_contigs_with_repeats=0
[2026-04-14 16:39:36] DEBUG: 	min_read_cov_cutoff=3
[2026-04-14 16:39:36] DEBUG: 	short_tip_length=20000
[2026-04-14 16:39:36] DEBUG: 	long_tip_length=100000
[2026-04-14 16:39:36] DEBUG: Running with k-mer size: 17
[2026-04-14 16:39:36] DEBUG: Running with minimum overlap 10000
[2026-04-14 16:39:36] DEBUG: Metagenome mode: N
[2026-04-14 16:39:36] DEBUG: Short mode: N
[2026-04-14 16:39:36] INFO: Reading sequences
[2026-04-14 16:39:40] DEBUG: Building positional index
[2026-04-14 16:39:40] DEBUG: Total sequence: 150013794 bp
[2026-04-20 02:47:45] root: INFO: Starting Flye 2.9.6-b1802
[2026-04-20 02:47:45] root: DEBUG: Cmd: /home/faepimnipa/miniconda3/envs/genomics_env/bin/flye --nano-raw /home/faepimnipa/748/report/dataset/GN6_hifix30.fastq --genome-size 1m --out-dir /home/faepimnipa/748/report/result/flye_gn6_output/
[2026-04-20 02:47:45] root: DEBUG: Python version: 3.12.13 | packaged by conda-forge | (main, Mar  5 2026, 16:50:00) [GCC 14.3.0]
[2026-04-20 02:47:45] root: INFO: >>>STAGE: configure
[2026-04-20 02:47:45] root: INFO: Configuring run
[2026-04-20 02:47:46] root: INFO: Total read length: 150013794
[2026-04-20 02:47:46] root: INFO: Input genome size: 1000000
[2026-04-20 02:47:46] root: INFO: Estimated coverage: 150
[2026-04-20 02:47:46] root: INFO: Reads N50/N90: 17053 / 15810
[2026-04-20 02:47:46] root: INFO: Minimum overlap set to 10000
[2026-04-20 02:47:46] root: INFO: >>>STAGE: assembly
[2026-04-20 02:47:46] root: INFO: Assembling disjointigs
[2026-04-20 02:47:46] root: DEBUG: -----Begin assembly log------
[2026-04-20 02:47:46] root: DEBUG: Running: flye-modules assemble --reads /home/faepimnipa/748/report/dataset/GN6_hifix30.fastq --out-asm /home/faepimnipa/748/report/result/flye_gn6_output/00-assembly/draft_assembly.fasta --config /home/faepimnipa/miniconda3/envs/genomics_env/lib/python3.12/site-packages/flye/config/bin_cfg/asm_raw_reads.cfg --log /home/faepimnipa/748/report/result/flye_gn6_output/flye.log --threads 1 --genome-size 1000000 --min-ovlp 10000
[2026-04-20 02:47:46] DEBUG: Build date: Apr 13 2026 04:16:03
[2026-04-20 02:47:46] DEBUG: Total RAM: 7 Gb
[2026-04-20 02:47:46] DEBUG: Available RAM: 7 Gb
[2026-04-20 02:47:46] DEBUG: Total CPUs: 8
[2026-04-20 02:47:46] DEBUG: Loading /home/faepimnipa/miniconda3/envs/genomics_env/lib/python3.12/site-packages/flye/config/bin_cfg/asm_raw_reads.cfg
[2026-04-20 02:47:46] DEBUG: Loading /home/faepimnipa/miniconda3/envs/genomics_env/lib/python3.12/site-packages/flye/config/bin_cfg/asm_defaults.cfg
[2026-04-20 02:47:46] DEBUG: 	big_genome_threshold=29000000
[2026-04-20 02:47:46] DEBUG: 	meta_read_filter_kmer_freq=100
[2026-04-20 02:47:46] DEBUG: 	chain_large_gap_penalty=2
[2026-04-20 02:47:46] DEBUG: 	chain_small_gap_penalty=0.5
[2026-04-20 02:47:46] DEBUG: 	chain_gap_jump_threshold=100
[2026-04-20 02:47:46] DEBUG: 	max_jump_gap=500
[2026-04-20 02:47:46] DEBUG: 	max_coverage_drop_rate=5
[2026-04-20 02:47:46] DEBUG: 	max_extensions_drop_rate=5
[2026-04-20 02:47:46] DEBUG: 	chimera_window=100
[2026-04-20 02:47:46] DEBUG: 	chimera_overhang=1000
[2026-04-20 02:47:46] DEBUG: 	min_reads_in_disjointig=4
[2026-04-20 02:47:46] DEBUG: 	max_inner_reads=10
[2026-04-20 02:47:46] DEBUG: 	max_inner_fraction=0.25
[2026-04-20 02:47:46] DEBUG: 	aggressive_dup_filter=1
[2026-04-20 02:47:46] DEBUG: 	max_separation=500
[2026-04-20 02:47:46] DEBUG: 	unique_edge_length=50000
[2026-04-20 02:47:46] DEBUG: 	min_repeat_res_support=0.51
[2026-04-20 02:47:46] DEBUG: 	out_paths_ratio=5
[2026-04-20 02:47:46] DEBUG: 	graph_cov_drop_rate=5
[2026-04-20 02:47:46] DEBUG: 	coverage_estimate_window=100
[2026-04-20 02:47:46] DEBUG: 	max_bubble_length=50000
[2026-04-20 02:47:46] DEBUG: 	loop_coverage_rate=1.5
[2026-04-20 02:47:46] DEBUG: 	repeat_edge_cov_mult=1.75
[2026-04-20 02:47:46] DEBUG: 	weak_detach_rate=5
[2026-04-20 02:47:46] DEBUG: 	tip_coverage_rate=2
[2026-04-20 02:47:46] DEBUG: 	tip_length_rate=2
[2026-04-20 02:47:46] DEBUG: 	output_gfa_before_rr=1
[2026-04-20 02:47:46] DEBUG: 	remove_alt_edges=0
[2026-04-20 02:47:46] DEBUG: 	low_cutoff_warning=1
[2026-04-20 02:47:46] DEBUG: 	kmer_size=17
[2026-04-20 02:47:46] DEBUG: 	use_minimizers=0
[2026-04-20 02:47:46] DEBUG: 	reads_base_alignment=0
[2026-04-20 02:47:46] DEBUG: 	meta_read_top_kmer_rate=0.40
[2026-04-20 02:47:46] DEBUG: 	maximum_jump=1500
[2026-04-20 02:47:46] DEBUG: 	maximum_overhang=1500
[2026-04-20 02:47:46] DEBUG: 	repeat_kmer_rate=100
[2026-04-20 02:47:46] DEBUG: 	assemble_ovlp_divergence=0.10
[2026-04-20 02:47:46] DEBUG: 	assemble_divergence_relative=1
[2026-04-20 02:47:46] DEBUG: 	repeat_graph_ovlp_divergence=0.08
[2026-04-20 02:47:46] DEBUG: 	read_align_ovlp_divergence=0.25
[2026-04-20 02:47:46] DEBUG: 	hpc_scoring_on=0
[2026-04-20 02:47:46] DEBUG: 	add_unassembled_reads=0
[2026-04-20 02:47:46] DEBUG: 	extend_contigs_with_repeats=0
[2026-04-20 02:47:46] DEBUG: 	min_read_cov_cutoff=3
[2026-04-20 02:47:46] DEBUG: 	short_tip_length=20000
[2026-04-20 02:47:46] DEBUG: 	long_tip_length=100000
[2026-04-20 02:47:46] DEBUG: Running with k-mer size: 17
[2026-04-20 02:47:46] DEBUG: Running with minimum overlap 10000
[2026-04-20 02:47:46] DEBUG: Metagenome mode: N
[2026-04-20 02:47:46] DEBUG: Short mode: N
[2026-04-20 02:47:46] INFO: Reading sequences
[2026-04-20 02:47:47] DEBUG: Building positional index
[2026-04-20 02:47:47] DEBUG: Total sequence: 150013794 bp
[2026-04-20 02:48:12] INFO: Counting k-mers:
[2026-04-20 02:50:10] root: INFO: Starting Flye 2.9.6-b1802
[2026-04-20 02:50:10] root: DEBUG: Cmd: /home/faepimnipa/miniconda3/envs/genomics_env/bin/flye --pacbio-hifi /home/faepimnipa/748/report/dataset/GN6_hifix30.fastq --genome-size 5m --out-dir /home/faepimnipa/748/report/result/flye_gn6_output --threads 4
[2026-04-20 02:50:10] root: DEBUG: Python version: 3.12.13 | packaged by conda-forge | (main, Mar  5 2026, 16:50:00) [GCC 14.3.0]
[2026-04-20 02:50:10] root: INFO: >>>STAGE: configure
[2026-04-20 02:50:10] root: INFO: Configuring run
[2026-04-20 02:50:12] root: INFO: Total read length: 150013794
[2026-04-20 02:50:12] root: INFO: Input genome size: 5000000
[2026-04-20 02:50:12] root: INFO: Estimated coverage: 30
[2026-04-20 02:50:12] root: INFO: Reads N50/N90: 17053 / 15810
[2026-04-20 02:50:12] root: INFO: Minimum overlap set to 10000
[2026-04-20 02:50:12] root: INFO: >>>STAGE: assembly
[2026-04-20 02:50:12] root: INFO: Assembling disjointigs
[2026-04-20 02:50:12] root: DEBUG: -----Begin assembly log------
[2026-04-20 02:50:12] root: DEBUG: Running: flye-modules assemble --reads /home/faepimnipa/748/report/dataset/GN6_hifix30.fastq --out-asm /home/faepimnipa/748/report/result/flye_gn6_output/00-assembly/draft_assembly.fasta --config /home/faepimnipa/miniconda3/envs/genomics_env/lib/python3.12/site-packages/flye/config/bin_cfg/asm_hifi.cfg --log /home/faepimnipa/748/report/result/flye_gn6_output/flye.log --threads 4 --genome-size 5000000 --min-ovlp 10000
[2026-04-20 02:50:12] DEBUG: Build date: Apr 13 2026 04:16:03
[2026-04-20 02:50:12] DEBUG: Total RAM: 7 Gb
[2026-04-20 02:50:12] DEBUG: Available RAM: 7 Gb
[2026-04-20 02:50:12] DEBUG: Total CPUs: 8
[2026-04-20 02:50:12] DEBUG: Loading /home/faepimnipa/miniconda3/envs/genomics_env/lib/python3.12/site-packages/flye/config/bin_cfg/asm_hifi.cfg
[2026-04-20 02:50:12] DEBUG: Loading /home/faepimnipa/miniconda3/envs/genomics_env/lib/python3.12/site-packages/flye/config/bin_cfg/asm_defaults.cfg
[2026-04-20 02:50:12] DEBUG: 	big_genome_threshold=29000000
[2026-04-20 02:50:12] DEBUG: 	meta_read_filter_kmer_freq=100
[2026-04-20 02:50:12] DEBUG: 	chain_large_gap_penalty=2
[2026-04-20 02:50:12] DEBUG: 	chain_small_gap_penalty=0.5
[2026-04-20 02:50:12] DEBUG: 	chain_gap_jump_threshold=100
[2026-04-20 02:50:12] DEBUG: 	max_jump_gap=500
[2026-04-20 02:50:12] DEBUG: 	max_coverage_drop_rate=5
[2026-04-20 02:50:12] DEBUG: 	max_extensions_drop_rate=5
[2026-04-20 02:50:12] DEBUG: 	chimera_window=100
[2026-04-20 02:50:12] DEBUG: 	chimera_overhang=1000
[2026-04-20 02:50:12] DEBUG: 	min_reads_in_disjointig=4
[2026-04-20 02:50:12] DEBUG: 	max_inner_reads=10
[2026-04-20 02:50:12] DEBUG: 	max_inner_fraction=0.25
[2026-04-20 02:50:12] DEBUG: 	aggressive_dup_filter=1
[2026-04-20 02:50:12] DEBUG: 	max_separation=500
[2026-04-20 02:50:12] DEBUG: 	unique_edge_length=50000
[2026-04-20 02:50:12] DEBUG: 	min_repeat_res_support=0.51
[2026-04-20 02:50:12] DEBUG: 	out_paths_ratio=5
[2026-04-20 02:50:12] DEBUG: 	graph_cov_drop_rate=5
[2026-04-20 02:50:12] DEBUG: 	coverage_estimate_window=100
[2026-04-20 02:50:12] DEBUG: 	max_bubble_length=50000
[2026-04-20 02:50:12] DEBUG: 	loop_coverage_rate=1.5
[2026-04-20 02:50:12] DEBUG: 	repeat_edge_cov_mult=1.75
[2026-04-20 02:50:12] DEBUG: 	weak_detach_rate=5
[2026-04-20 02:50:12] DEBUG: 	tip_coverage_rate=2
[2026-04-20 02:50:12] DEBUG: 	tip_length_rate=2
[2026-04-20 02:50:12] DEBUG: 	output_gfa_before_rr=1
[2026-04-20 02:50:12] DEBUG: 	remove_alt_edges=0
[2026-04-20 02:50:12] DEBUG: 	low_cutoff_warning=0
[2026-04-20 02:50:12] DEBUG: 	kmer_size=17
[2026-04-20 02:50:12] DEBUG: 	use_minimizers=1
[2026-04-20 02:50:12] DEBUG: 	minimizer_window=10
[2026-04-20 02:50:12] DEBUG: 	reads_base_alignment=1
[2026-04-20 02:50:12] DEBUG: 	meta_read_top_kmer_rate=0.75
[2026-04-20 02:50:12] DEBUG: 	maximum_jump=1500
[2026-04-20 02:50:12] DEBUG: 	maximum_overhang=500
[2026-04-20 02:50:12] DEBUG: 	repeat_kmer_rate=100
[2026-04-20 02:50:12] DEBUG: 	assemble_ovlp_divergence=0.001
[2026-04-20 02:50:12] DEBUG: 	assemble_divergence_relative=0
[2026-04-20 02:50:12] DEBUG: 	repeat_graph_ovlp_divergence=0.001
[2026-04-20 02:50:12] DEBUG: 	read_align_ovlp_divergence=0.03
[2026-04-20 02:50:12] DEBUG: 	hpc_scoring_on=1
[2026-04-20 02:50:12] DEBUG: 	add_unassembled_reads=0
[2026-04-20 02:50:12] DEBUG: 	extend_contigs_with_repeats=0
[2026-04-20 02:50:12] DEBUG: 	min_read_cov_cutoff=3
[2026-04-20 02:50:12] DEBUG: 	short_tip_length=10000
[2026-04-20 02:50:12] DEBUG: 	long_tip_length=100000
[2026-04-20 02:50:12] DEBUG: Running with k-mer size: 17
[2026-04-20 02:50:12] DEBUG: Running with minimum overlap 10000
[2026-04-20 02:50:12] DEBUG: Metagenome mode: N
[2026-04-20 02:50:12] DEBUG: Short mode: N
[2026-04-20 02:50:12] INFO: Reading sequences
[2026-04-20 02:50:13] DEBUG: Building positional index
[2026-04-20 02:50:13] DEBUG: Total sequence: 150013794 bp
[2026-04-20 02:50:13] INFO: Building minimizer index
[2026-04-20 02:50:13] INFO: Pre-calculating index storage
[2026-04-20 02:50:16] DEBUG: Mean k-mer frequency: 12.4923
[2026-04-20 02:50:16] DEBUG: Repetitive k-mer frequency: 1249
[2026-04-20 02:50:16] DEBUG: Filtered 1457 repetitive k-mers (5.34659e-05)
[2026-04-20 02:50:16] INFO: Filling index
[2026-04-20 02:50:21] DEBUG: Sorting k-mer index
[2026-04-20 02:50:21] DEBUG: Selected k-mers: 2181417
[2026-04-20 02:50:21] DEBUG: K-mer index size: 27249573
[2026-04-20 02:50:21] DEBUG: Mean k-mer frequency: 12.4917
[2026-04-20 02:50:21] DEBUG: Minimizer rate: 5.50518
[2026-04-20 02:50:21] DEBUG: Peak RAM usage: 0 Gb
[2026-04-20 02:50:21] DEBUG: Estimating k-mer identity bias
[2026-04-20 02:50:31] DEBUG: Initial divergence estimate : 0.00108
[2026-04-20 02:50:31] DEBUG: Relative threshold: N
[2026-04-20 02:50:31] DEBUG: Max divergence threshold set to 0.001
[2026-04-20 02:50:31] INFO: Extending reads
[2026-04-20 02:50:31] DEBUG: Estimating overlap coverage
[2026-04-20 02:51:21] INFO: Overlap-based coverage: 17
[2026-04-20 02:51:21] INFO: Median overlap divergence: 0.00101356
[2026-04-20 02:51:21] DEBUG: Sequence divergence distribution: 

    |*                                                                                                   
    |*                                                                                                   
    |*                                                                                                   
    |*                                                                                                   
    |*                                                                                                   
    |*                                                                                                   
    |*                                                                                                   
    |*                                                                                                   
    |*                                                                                                   
    |*                                                                                                   
    |*                                                                                                   
    |*                                                                                                   
    |*                                                                                                   
    |*                                                                                                   
    |*                                                                                                   
    |*                                                                                                   
    |*                                                                                                   
    |*                                                                                                   
    |**                                                                                                  
    |****    * *     ***     **                                                                          
    ----------------------------------------------------------------------------------------------------
    0%        5%        10%       15%       20%       25%       30%       35%       40%       45%       

    Q25 = 0.00037, Q50 = 0.001, Q75 = 0.0023

[2026-04-20 02:51:42] DEBUG: Assembled disjointig 1
	With 1523 reads
	Start read: +m64147e_211125_085128/79365325/ccs
	At position: 1519
	leftTip: 0 rightTip: 0
	Suspicious: 13
	Short ext: 13
	Mean extensions: 16
	Avg overlap len: 15270
	Min overlap len: 1602
	Inner reads: 0
	Length: 5299472
[2026-04-20 02:51:42] DEBUG: Inner: 12122 covered: 13354 total: 17084
[2026-04-20 02:51:42] DEBUG: Discarded disjointig with 1518 reads and 1516 inner overlaps
[2026-04-20 02:51:42] DEBUG: Discarded disjointig with 1111 reads and 1093 inner overlaps
[2026-04-20 02:51:42] DEBUG: Discarded disjointig with 861 reads and 845 inner overlaps
[2026-04-20 02:51:43] DEBUG: Assembled disjointig 2
	With 17 reads
	Start read: +m64147e_211125_085128/151193781/ccs
	At position: 13
	leftTip: 1 rightTip: 0
	Suspicious: 4
	Short ext: 3
	Mean extensions: 7
	Avg overlap len: 14002
	Min overlap len: 1021
	Inner reads: 0
	Length: 101853
[2026-04-20 02:51:43] DEBUG: Inner: 12200 covered: 13500 total: 17084
[2026-04-20 02:51:43] DEBUG: Assembled disjointig 3
	With 16 reads
	Start read: +m64147e_211125_085128/66847580/ccs
	At position: 12
	leftTip: 0 rightTip: 0
	Suspicious: 1
	Short ext: 1
	Mean extensions: 9
	Avg overlap len: 16773
	Min overlap len: 5597
	Inner reads: 0
	Length: 79556
[2026-04-20 02:51:43] DEBUG: Inner: 12264 covered: 13584 total: 17084
[2026-04-20 02:51:43] DEBUG: Assembled disjointig 4
	With 25 reads
	Start read: +m64147e_211125_085128/118753811/ccs
	At position: 21
	leftTip: 1 rightTip: 0
	Suspicious: 4
	Short ext: 1
	Mean extensions: 9
	Avg overlap len: 13771
	Min overlap len: 8754
	Inner reads: 0
	Length: 134503
[2026-04-20 02:51:43] DEBUG: Inner: 12380 covered: 13750 total: 17084
[2026-04-20 02:51:44] DEBUG: Assembled disjointig 5
	With 7 reads
	Start read: +m64147e_211125_085128/76939473/ccs
	At position: 6
	leftTip: 0 rightTip: 0
	Suspicious: 1
	Short ext: 1
	Mean extensions: 13
	Avg overlap len: 15978
	Min overlap len: 8894
	Inner reads: 0
	Length: 41863
[2026-04-20 02:51:44] DEBUG: Inner: 12424 covered: 13858 total: 17084
[2026-04-20 02:52:04] INFO: Assembled 5 disjointigs
[2026-04-20 02:52:04] INFO: Generating sequence
[2026-04-20 02:52:04] DEBUG: Building positional index
[2026-04-20 02:52:04] DEBUG: Total sequence: 5657197 bp
[2026-04-20 02:52:05] DEBUG: Mean k-mer frequency: 1.06227
[2026-04-20 02:52:05] DEBUG: Repetitive k-mer frequency: 106
[2026-04-20 02:52:05] DEBUG: Filtered 0 repetitive k-mers (0)
[2026-04-20 02:52:06] DEBUG: Sorting k-mer index
[2026-04-20 02:52:06] DEBUG: Selected k-mers: 968188
[2026-04-20 02:52:06] DEBUG: K-mer index size: 1028481
[2026-04-20 02:52:06] DEBUG: Mean k-mer frequency: 1.06227
[2026-04-20 02:52:06] DEBUG: Minimizer rate: 5.50054
[2026-04-20 02:52:06] INFO: Filtering contained disjointigs
[2026-04-20 02:52:08] DEBUG: Computing transitive closure for overlaps
[2026-04-20 02:52:08] DEBUG: Found 26 overlaps
[2026-04-20 02:52:08] DEBUG: Left 20 overlaps after filtering
[2026-04-20 02:52:08] INFO: Contained seqs: 1
[2026-04-20 02:52:08] DEBUG: Writing FASTA
[2026-04-20 02:52:08] DEBUG: Peak RAM usage: 0 Gb
-----------End assembly log------------
[2026-04-20 02:52:08] root: DEBUG: Disjointigs length: 5615318, N50: 5299451
[2026-04-20 02:52:08] root: INFO: >>>STAGE: consensus
[2026-04-20 02:52:08] root: INFO: Running Minimap2
[2026-04-20 02:52:20] root: INFO: Computing consensus
[2026-04-20 02:52:48] root: INFO: Alignment error rate: 0.005286
[2026-04-20 02:52:48] root: INFO: >>>STAGE: repeat
[2026-04-20 02:52:48] root: INFO: Building and resolving repeat graph
[2026-04-20 02:52:48] root: DEBUG: -----Begin repeat analyser log------
[2026-04-20 02:52:48] root: DEBUG: Running: flye-modules repeat --disjointigs /home/faepimnipa/748/report/result/flye_gn6_output/10-consensus/consensus.fasta --reads /home/faepimnipa/748/report/dataset/GN6_hifix30.fastq --out-dir /home/faepimnipa/748/report/result/flye_gn6_output/20-repeat --config /home/faepimnipa/miniconda3/envs/genomics_env/lib/python3.12/site-packages/flye/config/bin_cfg/asm_hifi.cfg --log /home/faepimnipa/748/report/result/flye_gn6_output/flye.log --threads 4 --min-ovlp 10000
[2026-04-20 02:52:48] DEBUG: Build date: Apr 13 2026 04:16:18
[2026-04-20 02:52:48] DEBUG: Total RAM: 7 Gb
[2026-04-20 02:52:48] DEBUG: Available RAM: 7 Gb
[2026-04-20 02:52:48] DEBUG: Total CPUs: 8
[2026-04-20 02:52:48] DEBUG: Loading /home/faepimnipa/miniconda3/envs/genomics_env/lib/python3.12/site-packages/flye/config/bin_cfg/asm_hifi.cfg
[2026-04-20 02:52:48] DEBUG: Loading /home/faepimnipa/miniconda3/envs/genomics_env/lib/python3.12/site-packages/flye/config/bin_cfg/asm_defaults.cfg
[2026-04-20 02:52:48] DEBUG: 	big_genome_threshold=29000000
[2026-04-20 02:52:48] DEBUG: 	meta_read_filter_kmer_freq=100
[2026-04-20 02:52:48] DEBUG: 	chain_large_gap_penalty=2
[2026-04-20 02:52:48] DEBUG: 	chain_small_gap_penalty=0.5
[2026-04-20 02:52:48] DEBUG: 	chain_gap_jump_threshold=100
[2026-04-20 02:52:48] DEBUG: 	max_jump_gap=500
[2026-04-20 02:52:48] DEBUG: 	max_coverage_drop_rate=5
[2026-04-20 02:52:48] DEBUG: 	max_extensions_drop_rate=5
[2026-04-20 02:52:48] DEBUG: 	chimera_window=100
[2026-04-20 02:52:48] DEBUG: 	chimera_overhang=1000
[2026-04-20 02:52:48] DEBUG: 	min_reads_in_disjointig=4
[2026-04-20 02:52:48] DEBUG: 	max_inner_reads=10
[2026-04-20 02:52:48] DEBUG: 	max_inner_fraction=0.25
[2026-04-20 02:52:48] DEBUG: 	aggressive_dup_filter=1
[2026-04-20 02:52:48] DEBUG: 	max_separation=500
[2026-04-20 02:52:48] DEBUG: 	unique_edge_length=50000
[2026-04-20 02:52:48] DEBUG: 	min_repeat_res_support=0.51
[2026-04-20 02:52:48] DEBUG: 	out_paths_ratio=5
[2026-04-20 02:52:48] DEBUG: 	graph_cov_drop_rate=5
[2026-04-20 02:52:48] DEBUG: 	coverage_estimate_window=100
[2026-04-20 02:52:48] DEBUG: 	max_bubble_length=50000
[2026-04-20 02:52:48] DEBUG: 	loop_coverage_rate=1.5
[2026-04-20 02:52:48] DEBUG: 	repeat_edge_cov_mult=1.75
[2026-04-20 02:52:48] DEBUG: 	weak_detach_rate=5
[2026-04-20 02:52:48] DEBUG: 	tip_coverage_rate=2
[2026-04-20 02:52:48] DEBUG: 	tip_length_rate=2
[2026-04-20 02:52:48] DEBUG: 	output_gfa_before_rr=1
[2026-04-20 02:52:48] DEBUG: 	remove_alt_edges=0
[2026-04-20 02:52:48] DEBUG: 	low_cutoff_warning=0
[2026-04-20 02:52:48] DEBUG: 	kmer_size=17
[2026-04-20 02:52:48] DEBUG: 	use_minimizers=1
[2026-04-20 02:52:48] DEBUG: 	minimizer_window=10
[2026-04-20 02:52:48] DEBUG: 	reads_base_alignment=1
[2026-04-20 02:52:48] DEBUG: 	meta_read_top_kmer_rate=0.75
[2026-04-20 02:52:48] DEBUG: 	maximum_jump=1500
[2026-04-20 02:52:48] DEBUG: 	maximum_overhang=500
[2026-04-20 02:52:48] DEBUG: 	repeat_kmer_rate=100
[2026-04-20 02:52:48] DEBUG: 	assemble_ovlp_divergence=0.001
[2026-04-20 02:52:48] DEBUG: 	assemble_divergence_relative=0
[2026-04-20 02:52:48] DEBUG: 	repeat_graph_ovlp_divergence=0.001
[2026-04-20 02:52:48] DEBUG: 	read_align_ovlp_divergence=0.03
[2026-04-20 02:52:48] DEBUG: 	hpc_scoring_on=1
[2026-04-20 02:52:48] DEBUG: 	add_unassembled_reads=0
[2026-04-20 02:52:48] DEBUG: 	extend_contigs_with_repeats=0
[2026-04-20 02:52:48] DEBUG: 	min_read_cov_cutoff=3
[2026-04-20 02:52:48] DEBUG: 	short_tip_length=10000
[2026-04-20 02:52:48] DEBUG: 	long_tip_length=100000
[2026-04-20 02:52:48] DEBUG: Running with k-mer size: 17
[2026-04-20 02:52:48] DEBUG: Selected minimum overlap 10000
[2026-04-20 02:52:48] DEBUG: Metagenome mode: N
[2026-04-20 02:52:48] INFO: Parsing disjointigs
[2026-04-20 02:52:48] DEBUG: Building positional index
[2026-04-20 02:52:48] DEBUG: Total sequence: 5605994 bp
[2026-04-20 02:52:48] INFO: Building repeat graph
[2026-04-20 02:52:49] DEBUG: Mean k-mer frequency: 1.05538
[2026-04-20 02:52:49] DEBUG: Repetitive k-mer frequency: 105
[2026-04-20 02:52:49] DEBUG: Filtered 0 repetitive k-mers (0)
[2026-04-20 02:52:50] DEBUG: Sorting k-mer index
[2026-04-20 02:52:50] DEBUG: Selected k-mers: 965648
[2026-04-20 02:52:50] DEBUG: K-mer index size: 1019129
[2026-04-20 02:52:50] DEBUG: Mean k-mer frequency: 1.05538
[2026-04-20 02:52:50] DEBUG: Minimizer rate: 5.50077
[2026-04-20 02:52:52] DEBUG: Computing transitive closure for overlaps
[2026-04-20 02:52:52] DEBUG: Found 32 overlaps
[2026-04-20 02:52:52] DEBUG: Left 16 overlaps after filtering
[2026-04-20 02:52:52] INFO: Median overlap divergence: 0.000278983
[2026-04-20 02:52:52] DEBUG: Sequence divergence distribution: 

    |*                                                                                                   
    |*                                                                                                   
    |*                                                                                                   
    |*                                                                                                   
    |*                                                                                                   
    |*                                                                                                   
    |*                                                                                                   
    |*                                                                                                   
    |*                                                                                                   
    |*                                                                                                   
    |*                                                                                                   
    |*                                                                                                   
    |*                                                                                                   
    |*                                                                                                   
    |*                                                                                                   
    |*       *                   *                                                                       
    |*       *                   *                                                                       
    |*       * *        * *      *                                                                       
    |*       * *        * *      *                                                                       
    |*       * *        * *      *                                                                       
    ----------------------------------------------------------------------------------------------------
    0%        5%        10%       15%       20%       25%       30%       35%       40%       45%       

    Q25 = 0.00018, Q50 = 0.00028, Q75 = 0.098

[2026-04-20 02:52:52] DEBUG: Computing gluepoints
[2026-04-20 02:52:52] DEBUG: Added 0 gluepoint projections
[2026-04-20 02:52:52] DEBUG: Created 36 gluepoints
[2026-04-20 02:52:52] DEBUG: Artificial loops removed: 0 left, 0 right, 0 both
[2026-04-20 02:52:52] DEBUG: Initializing edges
[2026-04-20 02:52:52] DEBUG: Edges length checksum: 6016623696
[2026-04-20 02:52:52] DEBUG: Filtered 0 singleton segments
[2026-04-20 02:52:52] DEBUG: Removed 0 simple and 0 double chimeric junctions
[2026-04-20 02:52:52] DEBUG: Collapsed 4 edges
[2026-04-20 02:52:52] DEBUG: *	9	+disjointig_1	44581	5292766	5248185	
[2026-04-20 02:52:52] DEBUG: *	10	+disjointig_2	14669	99876	85207	
[2026-04-20 02:52:52] DEBUG:  	11	+disjointig_3	11258	79621	68363	
[2026-04-20 02:52:52] DEBUG: *	12	+disjointig_4	19484	133703	114219	
[2026-04-20 02:52:52] DEBUG: Total edges: 12
[2026-04-20 02:52:52] INFO: Parsing reads
[2026-04-20 02:52:54] DEBUG: Building positional index
[2026-04-20 02:52:54] DEBUG: Total sequence: 150013794 bp
[2026-04-20 02:52:54] DEBUG: Building positional index
[2026-04-20 02:52:54] DEBUG: Total sequence: 5515974 bp
[2026-04-20 02:52:54] INFO: Aligning reads to the graph
[2026-04-20 02:52:55] DEBUG: Mean k-mer frequency: 1.03904
[2026-04-20 02:52:55] DEBUG: Repetitive k-mer frequency: 103
[2026-04-20 02:52:55] DEBUG: Filtered 0 repetitive k-mers (0)
[2026-04-20 02:52:55] DEBUG: Sorting k-mer index
[2026-04-20 02:52:55] DEBUG: Selected k-mers: 965087
[2026-04-20 02:52:55] DEBUG: K-mer index size: 1002767
[2026-04-20 02:52:55] DEBUG: Mean k-mer frequency: 1.03904
[2026-04-20 02:52:55] DEBUG: Minimizer rate: 5.50075
[2026-04-20 02:53:09] DEBUG: Total reads : 8542
[2026-04-20 02:53:09] DEBUG: Read with aligned parts : 8515
[2026-04-20 02:53:09] DEBUG: Aligned in one piece : 8492
[2026-04-20 02:53:09] INFO: Aligned read sequence: 148964483 / 150013794 (0.993005)
[2026-04-20 02:53:09] INFO: Median overlap divergence: 0.000257552
[2026-04-20 02:53:09] DEBUG: Sequence divergence distribution: 

    |*     |                                                                                             
    |*     |                                                                                             
    |*     |                                                                                             
    |*     |                                                                                             
    |*     |                                                                                             
    |*     |                                                                                             
    |*     |                                                                                             
    |*     |                                                                                             
    |*     |                                                                                             
    |*     |                                                                                             
    |*     |                                                                                             
    |*     |                                                                                             
    |*     |                                                                                             
    |*     |                                                                                             
    |*     |                                                                                             
    |*     |                                                                                             
    |*     |                                                                                             
    |*     |                                                                                             
    |*     |                                                                                             
    |*** ******                                                                                          
    ----------------------------------------------------------------------------------------------------
    0%        5%        10%       15%       20%       25%       30%       35%       40%       45%       

    Q25 = 0, Q50 = 0.00026, Q75 = 0.00094

[2026-04-20 02:53:09] INFO: Mean edge coverage: 27
[2026-04-20 02:53:09] DEBUG: 9	len:5248185	cov:27	mult:1
[2026-04-20 02:53:09] DEBUG: -9	len:5248185	cov:27	mult:1
[2026-04-20 02:53:09] DEBUG: 10	len:85207	cov:10	mult:0.37037
[2026-04-20 02:53:09] DEBUG: -10	len:85207	cov:10	mult:0.37037
[2026-04-20 02:53:09] DEBUG: 11	len:34181	cov:23	mult:0.851852
[2026-04-20 02:53:09] DEBUG: -11	len:34181	cov:23	mult:0.851852
[2026-04-20 02:53:09] DEBUG: 12	len:114219	cov:10	mult:0.37037
[2026-04-20 02:53:09] DEBUG: -12	len:114219	cov:10	mult:0.37037
[2026-04-20 02:53:09] DEBUG: Unique coverage threshold 47
[2026-04-20 02:53:09] INFO: Simplifying the graph
[2026-04-20 02:53:09] DEBUG: Read coverage cutoff: 5
[2026-04-20 02:53:09] DEBUG: [SIMPL] Removed 0 paths with low coverage
[2026-04-20 02:53:09] DEBUG: [SIMPL] Masked 0 heterozygous loops
[2026-04-20 02:53:09] DEBUG: [SIMPL] Masked 0 simple bubbles
[2026-04-20 02:53:09] DEBUG: Finding repeats
[2026-04-20 02:53:09] DEBUG: Read coverage cutoff: 5
[2026-04-20 02:53:09] DEBUG: Repeat detection iteration 1
[2026-04-20 02:53:09] DEBUG: Writing Dot
[2026-04-20 02:53:09] DEBUG: Writing FASTA
[2026-04-20 02:53:10] DEBUG: Writing Gfa
[2026-04-20 02:53:10] DEBUG: [SIMPL] == Iteration 1 ==
[2026-04-20 02:53:10] DEBUG: Splitting nodes
[2026-04-20 02:53:10] DEBUG: [SIMPL] Split 0 nodes
[2026-04-20 02:53:10] DEBUG: [SIMPL] Clipped 0 short and 0 long tips
[2026-04-20 02:53:10] DEBUG: [SIMPL] Masked 0 heterozygous loops
[2026-04-20 02:53:10] DEBUG: [SIMPL] Masked 0 simple bubbles
[2026-04-20 02:53:10] DEBUG: Finding repeats
[2026-04-20 02:53:10] DEBUG: Read coverage cutoff: 5
[2026-04-20 02:53:10] DEBUG: Repeat detection iteration 1
[2026-04-20 02:53:10] DEBUG: Total unique edges: 4
[2026-04-20 02:53:10] DEBUG: [SIMPL] Resolved repeats: 0
[2026-04-20 02:53:10] DEBUG: RR links: 0
[2026-04-20 02:53:10] DEBUG: Unresolved: 0
[2026-04-20 02:53:10] DEBUG: Removed 0 simple and 0 double chimeric junctions
[2026-04-20 02:53:10] DEBUG: [SIMPL] Collapsed 0 haplotypes
[2026-04-20 02:53:10] DEBUG: [SIMPL] Resolved 0 simple repeats
[2026-04-20 02:53:10] DEBUG: Read coverage cutoff: 5
[2026-04-20 02:53:10] DEBUG: [SIMPL] Removed 0 paths with low coverage
[2026-04-20 02:53:10] DEBUG: Finding repeats
[2026-04-20 02:53:10] DEBUG: Read coverage cutoff: 5
[2026-04-20 02:53:10] DEBUG: Repeat detection iteration 1
[2026-04-20 02:53:10] DEBUG: Writing Dot
[2026-04-20 02:53:10] DEBUG: Writing FASTA
[2026-04-20 02:53:10] DEBUG: Peak RAM usage: 0 Gb
-----------End assembly log------------
[2026-04-20 02:53:10] root: INFO: >>>STAGE: contigger
[2026-04-20 02:53:10] root: INFO: Generating contigs
[2026-04-20 02:53:10] root: DEBUG: -----Begin contigger analyser log------
[2026-04-20 02:53:10] root: DEBUG: Running: flye-modules contigger --graph-edges /home/faepimnipa/748/report/result/flye_gn6_output/20-repeat/repeat_graph_edges.fasta --reads /home/faepimnipa/748/report/dataset/GN6_hifix30.fastq --out-dir /home/faepimnipa/748/report/result/flye_gn6_output/30-contigger --config /home/faepimnipa/miniconda3/envs/genomics_env/lib/python3.12/site-packages/flye/config/bin_cfg/asm_hifi.cfg --repeat-graph /home/faepimnipa/748/report/result/flye_gn6_output/20-repeat/repeat_graph_dump --graph-aln /home/faepimnipa/748/report/result/flye_gn6_output/20-repeat/read_alignment_dump --log /home/faepimnipa/748/report/result/flye_gn6_output/flye.log --threads 4 --min-ovlp 10000
[2026-04-20 02:53:10] DEBUG: Build date: Apr 13 2026 04:16:33
[2026-04-20 02:53:10] DEBUG: Total RAM: 7 Gb
[2026-04-20 02:53:10] DEBUG: Available RAM: 7 Gb
[2026-04-20 02:53:10] DEBUG: Total CPUs: 8
[2026-04-20 02:53:10] DEBUG: Loading /home/faepimnipa/miniconda3/envs/genomics_env/lib/python3.12/site-packages/flye/config/bin_cfg/asm_hifi.cfg
[2026-04-20 02:53:10] DEBUG: Loading /home/faepimnipa/miniconda3/envs/genomics_env/lib/python3.12/site-packages/flye/config/bin_cfg/asm_defaults.cfg
[2026-04-20 02:53:10] DEBUG: 	big_genome_threshold=29000000
[2026-04-20 02:53:10] DEBUG: 	meta_read_filter_kmer_freq=100
[2026-04-20 02:53:10] DEBUG: 	chain_large_gap_penalty=2
[2026-04-20 02:53:10] DEBUG: 	chain_small_gap_penalty=0.5
[2026-04-20 02:53:10] DEBUG: 	chain_gap_jump_threshold=100
[2026-04-20 02:53:10] DEBUG: 	max_jump_gap=500
[2026-04-20 02:53:10] DEBUG: 	max_coverage_drop_rate=5
[2026-04-20 02:53:10] DEBUG: 	max_extensions_drop_rate=5
[2026-04-20 02:53:10] DEBUG: 	chimera_window=100
[2026-04-20 02:53:10] DEBUG: 	chimera_overhang=1000
[2026-04-20 02:53:10] DEBUG: 	min_reads_in_disjointig=4
[2026-04-20 02:53:10] DEBUG: 	max_inner_reads=10
[2026-04-20 02:53:10] DEBUG: 	max_inner_fraction=0.25
[2026-04-20 02:53:10] DEBUG: 	aggressive_dup_filter=1
[2026-04-20 02:53:10] DEBUG: 	max_separation=500
[2026-04-20 02:53:10] DEBUG: 	unique_edge_length=50000
[2026-04-20 02:53:10] DEBUG: 	min_repeat_res_support=0.51
[2026-04-20 02:53:10] DEBUG: 	out_paths_ratio=5
[2026-04-20 02:53:10] DEBUG: 	graph_cov_drop_rate=5
[2026-04-20 02:53:10] DEBUG: 	coverage_estimate_window=100
[2026-04-20 02:53:10] DEBUG: 	max_bubble_length=50000
[2026-04-20 02:53:10] DEBUG: 	loop_coverage_rate=1.5
[2026-04-20 02:53:10] DEBUG: 	repeat_edge_cov_mult=1.75
[2026-04-20 02:53:10] DEBUG: 	weak_detach_rate=5
[2026-04-20 02:53:10] DEBUG: 	tip_coverage_rate=2
[2026-04-20 02:53:10] DEBUG: 	tip_length_rate=2
[2026-04-20 02:53:10] DEBUG: 	output_gfa_before_rr=1
[2026-04-20 02:53:10] DEBUG: 	remove_alt_edges=0
[2026-04-20 02:53:10] DEBUG: 	low_cutoff_warning=0
[2026-04-20 02:53:10] DEBUG: 	kmer_size=17
[2026-04-20 02:53:10] DEBUG: 	use_minimizers=1
[2026-04-20 02:53:10] DEBUG: 	minimizer_window=10
[2026-04-20 02:53:10] DEBUG: 	reads_base_alignment=1
[2026-04-20 02:53:10] DEBUG: 	meta_read_top_kmer_rate=0.75
[2026-04-20 02:53:10] DEBUG: 	maximum_jump=1500
[2026-04-20 02:53:10] DEBUG: 	maximum_overhang=500
[2026-04-20 02:53:10] DEBUG: 	repeat_kmer_rate=100
[2026-04-20 02:53:10] DEBUG: 	assemble_ovlp_divergence=0.001
[2026-04-20 02:53:10] DEBUG: 	assemble_divergence_relative=0
[2026-04-20 02:53:10] DEBUG: 	repeat_graph_ovlp_divergence=0.001
[2026-04-20 02:53:10] DEBUG: 	read_align_ovlp_divergence=0.03
[2026-04-20 02:53:10] DEBUG: 	hpc_scoring_on=1
[2026-04-20 02:53:10] DEBUG: 	add_unassembled_reads=0
[2026-04-20 02:53:10] DEBUG: 	extend_contigs_with_repeats=0
[2026-04-20 02:53:10] DEBUG: 	min_read_cov_cutoff=3
[2026-04-20 02:53:10] DEBUG: 	short_tip_length=10000
[2026-04-20 02:53:10] DEBUG: 	long_tip_length=100000
[2026-04-20 02:53:10] DEBUG: Running with k-mer size: 17
[2026-04-20 02:53:10] DEBUG: Selected minimum overlap 10000
[2026-04-20 02:53:10] INFO: Reading sequences
[2026-04-20 02:53:10] DEBUG: Building positional index
[2026-04-20 02:53:10] DEBUG: Total sequence: 150013794 bp
[2026-04-20 02:53:10] DEBUG: Flipped 0
[2026-04-20 02:53:10] DEBUG: UPath 1: 9
[2026-04-20 02:53:10] DEBUG: UPath 2: 10
[2026-04-20 02:53:10] DEBUG: UPath 3: 11
[2026-04-20 02:53:10] DEBUG: UPath 4: 12
[2026-04-20 02:53:10] DEBUG: Final graph contains 4 egdes
[2026-04-20 02:53:10] DEBUG: Extending contigs into repeats
[2026-04-20 02:53:10] DEBUG: Covered 0 repetitive contigs
[2026-04-20 02:53:10] INFO: Generated 4 contigs
[2026-04-20 02:53:10] DEBUG: Writing FASTA
[2026-04-20 02:53:10] DEBUG: Generating scaffold connections
[2026-04-20 02:53:10] INFO: Added 0 scaffold connections
[2026-04-20 02:53:10] DEBUG: Writing Dot
[2026-04-20 02:53:10] DEBUG: Writing FASTA
[2026-04-20 02:53:10] DEBUG: Writing Gfa
[2026-04-20 02:53:10] DEBUG: Peak RAM usage: 0 Gb
-----------End assembly log------------
[2026-04-20 02:53:10] root: INFO: >>>STAGE: polishing
[2026-04-20 02:53:10] root: INFO: Polishing genome (1/1)
[2026-04-20 02:53:10] root: INFO: Running minimap2
[2026-04-20 02:53:21] root: INFO: Separating alignment into bubbles
[2026-04-20 02:53:54] root: DEBUG: Generated 381234 bubbles
[2026-04-20 02:53:54] root: DEBUG: Split 0 long bubbles
[2026-04-20 02:53:54] root: DEBUG: Skipped 0 empty bubbles
[2026-04-20 02:53:54] root: DEBUG: Skipped 0 bubbles with long branches
[2026-04-20 02:53:54] root: INFO: Alignment error rate: 0.003375
[2026-04-20 02:53:54] root: INFO: Correcting bubbles
[2026-04-20 02:54:26] root: DEBUG: Mean contig coverage: 27, selected threshold: 5
[2026-04-20 02:54:26] root: DEBUG: Filtered 0 contigs of total length 0
[2026-04-20 02:54:26] root: DEBUG: Generating polished GFA
[2026-04-20 02:54:29] root: DEBUG: 0 sequences remained unpolished
[2026-04-20 02:54:29] root: INFO: >>>STAGE: finalize
[2026-04-20 02:54:29] root: DEBUG: ---Output dir contents:----
[2026-04-20 02:54:29] root: DEBUG: flye_gn6_output/
[2026-04-20 02:54:29] root: DEBUG:     93.0 B      params.json
[2026-04-20 02:54:29] root: DEBUG:     5.0 M       assembly.fasta
[2026-04-20 02:54:29] root: DEBUG:     534.0 B     assembly_graph.gv
[2026-04-20 02:54:29] root: DEBUG:     46.0 K      flye.log
[2026-04-20 02:54:29] root: DEBUG:     5.0 M       assembly_graph.gfa
[2026-04-20 02:54:29] root: DEBUG:     00-assembly/
[2026-04-20 02:54:29] root: DEBUG:         5.0 M       draft_assembly.fasta
[2026-04-20 02:54:29] root: DEBUG:         131.0 B     draft_assembly.fasta.fai
[2026-04-20 02:54:29] root: DEBUG:     20-repeat/
[2026-04-20 02:54:29] root: DEBUG:         540.0 B     graph_before_rr.gv
[2026-04-20 02:54:29] root: DEBUG:         5.0 M       graph_before_rr.fasta
[2026-04-20 02:54:29] root: DEBUG:         540.0 B     graph_after_rr.gv
[2026-04-20 02:54:29] root: DEBUG:         934.0 B     repeat_graph_dump
[2026-04-20 02:54:29] root: DEBUG:         5.0 M       repeat_graph_edges.fasta
[2026-04-20 02:54:29] root: DEBUG:         5.0 M       graph_before_rr.gfa
[2026-04-20 02:54:29] root: DEBUG:         2.0 M       read_alignment_dump
[2026-04-20 02:54:29] root: DEBUG:     10-consensus/
[2026-04-20 02:54:29] root: DEBUG:         1.0 K       minimap.bam.csi
[2026-04-20 02:54:29] root: DEBUG:         5.0 M       consensus.fasta
[2026-04-20 02:54:29] root: DEBUG:         946.0 B     minimap.stderr
[2026-04-20 02:54:29] root: DEBUG:     30-contigger/
[2026-04-20 02:54:29] root: DEBUG:         5.0 M       contigs.fasta
[2026-04-20 02:54:29] root: DEBUG:         212.0 B     contigs_stats.txt
[2026-04-20 02:54:29] root: DEBUG:         534.0 B     graph_final.gv
[2026-04-20 02:54:29] root: DEBUG:         0.0 B       scaffolds_links.txt
[2026-04-20 02:54:29] root: DEBUG:         114.0 B     contigs.fasta.fai
[2026-04-20 02:54:29] root: DEBUG:         5.0 M       graph_final.fasta
[2026-04-20 02:54:29] root: DEBUG:         5.0 M       graph_final.gfa
[2026-04-20 02:54:29] root: DEBUG:     40-polishing/
[2026-04-20 02:54:29] root: DEBUG:         1.0 M       base_coverage.bed.gz
[2026-04-20 02:54:29] root: DEBUG:         101.0 B     filtered_stats.txt
[2026-04-20 02:54:29] root: DEBUG:         101.0 B     contigs_stats.txt
[2026-04-20 02:54:29] root: DEBUG:         5.0 M       polished_edges.gfa
[2026-04-20 02:54:29] root: DEBUG:         1.0 K       minimap_1.bam.csi
[2026-04-20 02:54:29] root: DEBUG:         907.0 B     minimap.stderr
[2026-04-20 02:54:29] root: DEBUG:         5.0 M       filtered_contigs.fasta
[2026-04-20 02:54:29] root: DEBUG:         145.0 B     edges_aln.bam.csi
[2026-04-20 02:54:29] root: DEBUG:         114.0 B     filtered_contigs.fasta.fai
[2026-04-20 02:54:29] root: DEBUG: --------------------------
[2026-04-20 02:54:29] root: INFO: Assembly statistics:

	Total length:	5481946
	Fragments:	4
	Fragments N50:	5248224
	Largest frg:	5248224
	Scaffolds:	0
	Mean coverage:	27

[2026-04-20 02:54:29] root: INFO: Final assembly: /home/faepimnipa/748/report/result/flye_gn6_output/assembly.fasta
