/home/faepimnipa/miniconda3/envs/genomics_env/bin/quast.py /home/faepimnipa/748/report/result/GN6_spades/scaffolds.fasta -r /home/faepimnipa/748/report/ref/EcoliK12_GCA_000005845.2_ASM584v2_genomic.fna --gene-finding --threads 4 -o /home/faepimnipa/748/report/result/quast_spades_only

Version: 5.3.0

System information:
  OS: Linux-6.6.87.2-microsoft-standard-WSL2-x86_64-with-glibc2.39 (linux_64)
  Python version: 3.12.13
  CPUs number: 8

Started: 2026-04-20 02:09:58

Logging to /home/faepimnipa/748/report/result/quast_spades_only/quast.log

CWD: /home/faepimnipa/748/report/result
Main parameters: 
  MODE: default, threads: 4, min contig length: 500, min alignment length: 65, min alignment IDY: 95.0, \
  ambiguity: one, min local misassembly length: 200, min extensive misassembly length: 1000

Reference:
  /home/faepimnipa/748/report/ref/EcoliK12_GCA_000005845.2_ASM584v2_genomic.fna ==> EcoliK12_GCA_000005845.2_ASM584v2_genomic

Contigs:
  Pre-processing...
  /home/faepimnipa/748/report/result/GN6_spades/scaffolds.fasta ==> scaffolds

2026-04-20 02:10:00
Running Basic statistics processor...
  Reference genome:
    EcoliK12_GCA_000005845.2_ASM584v2_genomic.fna, length = 4641652, num fragments = 1, GC % = 50.79
  Contig files: 
    scaffolds
  Calculating N50 and L50...
    scaffolds, N50 = 5250291, L50 = 1, auN = 5063856.1, Total length = 5445768, GC % = 50.64, # N's per 100 kbp =  1.84
  Drawing Nx plot...
    saved to /home/faepimnipa/748/report/result/quast_spades_only/basic_stats/Nx_plot.pdf
  Drawing NGx plot...
    saved to /home/faepimnipa/748/report/result/quast_spades_only/basic_stats/NGx_plot.pdf
  Drawing cumulative plot...
    saved to /home/faepimnipa/748/report/result/quast_spades_only/basic_stats/cumulative_plot.pdf
  Drawing GC content plot...
    saved to /home/faepimnipa/748/report/result/quast_spades_only/basic_stats/GC_content_plot.pdf
  Drawing scaffolds GC content plot...
    saved to /home/faepimnipa/748/report/result/quast_spades_only/basic_stats/scaffolds_GC_content_plot.pdf
  Drawing Coverage histogram (bin size: 1x)...
    saved to /home/faepimnipa/748/report/result/quast_spades_only/basic_stats/coverage_histogram.pdf
  Drawing scaffolds coverage histogram (bin size: 1x)...
    saved to /home/faepimnipa/748/report/result/quast_spades_only/basic_stats/scaffolds_coverage_histogram.pdf
Done.

2026-04-20 02:10:03
Running Contig analyzer...
WARNING: Version of installed minimap2 differs from its version in the QUAST package (2.28). Please make sure that you use an actual version of software.
  scaffolds
  Logging to files /home/faepimnipa/748/report/result/quast_spades_only/contigs_reports/contigs_report_scaffolds.stdout and contigs_report_scaffolds.stderr...
  Aligning contigs to the reference
WARNING: Version of installed minimap2 differs from its version in the QUAST package (2.28). Please make sure that you use an actual version of software.
  /home/faepimnipa/miniconda3/envs/genomics_env/bin/minimap2 -c -x asm10 -B5 -O4,16 \
  --no-long-join -r 200 -N 50 -s 65 -z 200 --mask-level 0.9 --min-occ 200 -g 2500 \
  --score-N 2 --cs -t 4 quast_spades_only/quast_corrected_input/EcoliK12_GCA_000005845.2_ASM584v2_genomic.fna \
  quast_spades_only/quast_corrected_input/scaffolds.fasta > quast_spades_only/contigs_reports/minimap_output/scaffolds.coords_tmp \
  2>> quast_spades_only/contigs_reports/contigs_report_scaffolds.stderr
  Analysis is finished.

  Creating total report...
    saved to /home/faepimnipa/748/report/result/quast_spades_only/contigs_reports/misassemblies_report.txt, misassemblies_report.tsv, and misassemblies_report.tex
  Transposed version of total report...
    saved to /home/faepimnipa/748/report/result/quast_spades_only/contigs_reports/transposed_report_misassemblies.txt, transposed_report_misassemblies.tsv, and transposed_report_misassemblies.tex
  Creating total report...
    saved to /home/faepimnipa/748/report/result/quast_spades_only/contigs_reports/unaligned_report.txt, unaligned_report.tsv, and unaligned_report.tex
  Drawing misassemblies by types plot...
    saved to /home/faepimnipa/748/report/result/quast_spades_only/contigs_reports/misassemblies_plot.pdf
  Drawing misassemblies FRCurve plot...
    saved to /home/faepimnipa/748/report/result/quast_spades_only/contigs_reports/misassemblies_frcurve_plot.pdf
Done.

2026-04-20 02:10:07
Running NA-NGA calculation...
  scaffolds, Largest alignment = 202665, NA50 = 37213, NGA50 = 45412, LA50 = 39, LGA50 = 29
  Drawing cumulative plot...
    saved to /home/faepimnipa/748/report/result/quast_spades_only/aligned_stats/cumulative_plot.pdf
  Drawing NAx plot...
    saved to /home/faepimnipa/748/report/result/quast_spades_only/aligned_stats/NAx_plot.pdf
  Drawing NGAx plot...
    saved to /home/faepimnipa/748/report/result/quast_spades_only/aligned_stats/NGAx_plot.pdf
Done.

2026-04-20 02:10:08
Running Genome analyzer...
  NOTICE: No file with genomic features were provided. Use the --features option if you want to specify it.

  NOTICE: No file with operons were provided. Use the -O option if you want to specify it.
  scaffolds
  Analysis is finished.
  Skipping drawing Genome fraction, % histogram... (less than 2 columns histogram makes no sense)
Done.

2026-04-20 02:10:08
WARNING: GeneMark tool can't be started because of license limitations!

NOTICE: Genes are not predicted by default. Use --gene-finding or --glimmer option to enable it.

2026-04-20 02:10:09
Creating large visual summaries...
This may take a while: press Ctrl-C to skip this step..
  1 of 2: Creating PDF with all tables and plots...
  2 of 2: Creating Icarus viewers...
Done

2026-04-20 02:10:10
RESULTS:
  Text versions of total report are saved to /home/faepimnipa/748/report/result/quast_spades_only/report.txt, report.tsv, and report.tex
  Text versions of transposed total report are saved to /home/faepimnipa/748/report/result/quast_spades_only/transposed_report.txt, transposed_report.tsv, and transposed_report.tex
  HTML version (interactive tables and plots) is saved to /home/faepimnipa/748/report/result/quast_spades_only/report.html
  PDF version (tables and plots) is saved to /home/faepimnipa/748/report/result/quast_spades_only/report.pdf
  Icarus (contig browser) is saved to /home/faepimnipa/748/report/result/quast_spades_only/icarus.html
  Log is saved to /home/faepimnipa/748/report/result/quast_spades_only/quast.log

Finished: 2026-04-20 02:10:10
Elapsed time: 0:00:12.190574
NOTICEs: 3; WARNINGs: 4; non-fatal ERRORs: 0

Thank you for using QUAST!
